0 info it worked if it ends with ok
1 verbose cli [ 'node', '/usr/local/bin/npm', 'install', '-g', 'requirejs' ]
2 info using npm@1.1.69
3 info using node@v0.8.16
4 verbose read json /usr/local/lib/package.json
5 verbose read json /usr/local/lib/package.json
6 verbose cache add [ 'requirejs', null ]
7 silly cache add name=undefined spec="requirejs" args=["requirejs",null]
8 verbose parsed url { pathname: 'requirejs', path: 'requirejs', href: 'requirejs' }
9 silly lockFile f2b16c35-requirejs requirejs
10 verbose lock requirejs /Users/rcameron/.npm/f2b16c35-requirejs.lock
11 silly lockFile f2b16c35-requirejs requirejs
12 verbose addNamed [ 'requirejs', '' ]
13 verbose addNamed [ null, '' ]
14 silly lockFile e9b02655-requirejs requirejs@
15 verbose lock requirejs@ /Users/rcameron/.npm/e9b02655-requirejs.lock
16 silly addNameRange { name: 'requirejs', range: '', hasData: false }
17 verbose url raw requirejs
18 verbose url resolving [ 'https://registry.npmjs.org/', './requirejs' ]
19 verbose url resolved https://registry.npmjs.org/requirejs
20 info trying registry request attempt 1 at 08:16:22
21 http GET https://registry.npmjs.org/requirejs
22 http 200 https://registry.npmjs.org/requirejs
23 silly registry.get cb [ 200,
23 silly registry.get   { vary: 'Accept',
23 silly registry.get     server: 'CouchDB/1.2.0 (Erlang OTP/R15B)',
23 silly registry.get     etag: '"8KUPCFFSK0SS9MK1R8VPPTR6E"',
23 silly registry.get     date: 'Thu, 20 Dec 2012 16:15:21 GMT',
23 silly registry.get     'content-type': 'application/json',
23 silly registry.get     'content-length': '23782' } ]
24 silly addNameRange number 2 { name: 'requirejs', range: '', hasData: true }
25 silly addNameRange versions [ 'requirejs',
25 silly addNameRange   [ '0.26.0',
25 silly addNameRange     '0.27.0',
25 silly addNameRange     '0.27.1',
25 silly addNameRange     '1.0.0',
25 silly addNameRange     '1.0.1',
25 silly addNameRange     '1.0.2',
25 silly addNameRange     '1.0.3',
25 silly addNameRange     '1.0.4',
25 silly addNameRange     '1.0.5',
25 silly addNameRange     '1.0.6',
25 silly addNameRange     '1.0.7',
25 silly addNameRange     '1.0.8',
25 silly addNameRange     '2.0.0',
25 silly addNameRange     '2.0.1',
25 silly addNameRange     '2.0.2',
25 silly addNameRange     '2.0.3',
25 silly addNameRange     '2.0.4',
25 silly addNameRange     '2.0.5',
25 silly addNameRange     '2.0.6',
25 silly addNameRange     '2.1.0',
25 silly addNameRange     '2.1.1',
25 silly addNameRange     '2.1.2' ] ]
26 verbose addNamed [ 'requirejs', '2.1.2' ]
27 verbose addNamed [ '2.1.2', '2.1.2' ]
28 silly lockFile 731221c2-requirejs-2-1-2 requirejs@2.1.2
29 verbose lock requirejs@2.1.2 /Users/rcameron/.npm/731221c2-requirejs-2-1-2.lock
30 silly lockFile e87b823e-rg-requirejs-requirejs-2-1-2-tgz https://registry.npmjs.org/requirejs/-/requirejs-2.1.2.tgz
31 verbose lock https://registry.npmjs.org/requirejs/-/requirejs-2.1.2.tgz /Users/rcameron/.npm/e87b823e-rg-requirejs-requirejs-2-1-2-tgz.lock
32 verbose addRemoteTarball [ 'https://registry.npmjs.org/requirejs/-/requirejs-2.1.2.tgz',
32 verbose addRemoteTarball   'caff18d8018b6ef9bdfe6d78e0fc352adc580046' ]
33 info retry fetch attempt 1 at 08:16:23
34 verbose fetch to= /var/folders/ky/19w02__16tl7z5wzyymdym8c0000gn/T/npm-81458/1356020183890-0.5627869400195777/tmp.tgz
35 http GET https://registry.npmjs.org/requirejs/-/requirejs-2.1.2.tgz
36 http 200 https://registry.npmjs.org/requirejs/-/requirejs-2.1.2.tgz
37 silly shasum updated bytes 40960
38 silly shasum updated bytes 40960
39 silly shasum updated bytes 40960
40 silly shasum updated bytes 40960
41 silly shasum updated bytes 36301
42 info shasum caff18d8018b6ef9bdfe6d78e0fc352adc580046
42 info shasum /var/folders/ky/19w02__16tl7z5wzyymdym8c0000gn/T/npm-81458/1356020183890-0.5627869400195777/tmp.tgz
43 verbose tar unpack /var/folders/ky/19w02__16tl7z5wzyymdym8c0000gn/T/npm-81458/1356020183890-0.5627869400195777/tmp.tgz
44 silly lockFile 328da596-83890-0-5627869400195777-package /var/folders/ky/19w02__16tl7z5wzyymdym8c0000gn/T/npm-81458/1356020183890-0.5627869400195777/package
45 verbose lock /var/folders/ky/19w02__16tl7z5wzyymdym8c0000gn/T/npm-81458/1356020183890-0.5627869400195777/package /Users/rcameron/.npm/328da596-83890-0-5627869400195777-package.lock
46 silly gunzTarPerm modes [ '755', '644' ]
47 silly gunzTarPerm extractEntry package.json
48 silly gunzTarPerm extractEntry README.md
49 silly gunzTarPerm extractEntry require.js
50 silly gunzTarPerm extractEntry bin/r.js
51 verbose read json /var/folders/ky/19w02__16tl7z5wzyymdym8c0000gn/T/npm-81458/1356020183890-0.5627869400195777/package/package.json
52 silly lockFile 328da596-83890-0-5627869400195777-package /var/folders/ky/19w02__16tl7z5wzyymdym8c0000gn/T/npm-81458/1356020183890-0.5627869400195777/package
53 verbose from cache /var/folders/ky/19w02__16tl7z5wzyymdym8c0000gn/T/npm-81458/1356020183890-0.5627869400195777/package/package.json
54 verbose tar pack [ '/Users/rcameron/.npm/requirejs/2.1.2/package.tgz',
54 verbose tar pack   '/var/folders/ky/19w02__16tl7z5wzyymdym8c0000gn/T/npm-81458/1356020183890-0.5627869400195777/package' ]
55 verbose tarball /Users/rcameron/.npm/requirejs/2.1.2/package.tgz
56 verbose folder /var/folders/ky/19w02__16tl7z5wzyymdym8c0000gn/T/npm-81458/1356020183890-0.5627869400195777/package
57 silly lockFile 2122adc0--npm-requirejs-2-1-2-package-tgz /Users/rcameron/.npm/requirejs/2.1.2/package.tgz
58 verbose lock /Users/rcameron/.npm/requirejs/2.1.2/package.tgz /Users/rcameron/.npm/2122adc0--npm-requirejs-2-1-2-package-tgz.lock
59 silly lockFile 2122adc0--npm-requirejs-2-1-2-package-tgz /Users/rcameron/.npm/requirejs/2.1.2/package.tgz
60 silly lockFile a59aa3ab-eron-npm-requirejs-2-1-2-package /Users/rcameron/.npm/requirejs/2.1.2/package
61 verbose lock /Users/rcameron/.npm/requirejs/2.1.2/package /Users/rcameron/.npm/a59aa3ab-eron-npm-requirejs-2-1-2-package.lock
62 silly lockFile a59aa3ab-eron-npm-requirejs-2-1-2-package /Users/rcameron/.npm/requirejs/2.1.2/package
63 verbose tar unpack /Users/rcameron/.npm/requirejs/2.1.2/package.tgz
64 silly lockFile a59aa3ab-eron-npm-requirejs-2-1-2-package /Users/rcameron/.npm/requirejs/2.1.2/package
65 verbose lock /Users/rcameron/.npm/requirejs/2.1.2/package /Users/rcameron/.npm/a59aa3ab-eron-npm-requirejs-2-1-2-package.lock
66 silly gunzTarPerm modes [ '755', '644' ]
67 silly gunzTarPerm extractEntry package.json
68 silly gunzTarPerm extractEntry README.md
69 silly gunzTarPerm extractEntry require.js
70 silly gunzTarPerm extractEntry bin/r.js
71 verbose read json /Users/rcameron/.npm/requirejs/2.1.2/package/package.json
72 silly lockFile a59aa3ab-eron-npm-requirejs-2-1-2-package /Users/rcameron/.npm/requirejs/2.1.2/package
73 silly shasum updated bytes 40960
74 silly shasum updated bytes 40960
75 silly shasum updated bytes 40960
76 silly shasum updated bytes 40960
77 silly shasum updated bytes 36303
78 info shasum 62e3dd8f9e274267b8641ce0a164bb8e7818b962
78 info shasum /Users/rcameron/.npm/requirejs/2.1.2/package.tgz
79 verbose from cache /Users/rcameron/.npm/requirejs/2.1.2/package/package.json
80 verbose chmod /Users/rcameron/.npm/requirejs/2.1.2/package.tgz 644
81 verbose chown /Users/rcameron/.npm/requirejs/2.1.2/package.tgz [ 501, 20 ]
82 silly lockFile e87b823e-rg-requirejs-requirejs-2-1-2-tgz https://registry.npmjs.org/requirejs/-/requirejs-2.1.2.tgz
83 silly lockFile 731221c2-requirejs-2-1-2 requirejs@2.1.2
84 silly lockFile e9b02655-requirejs requirejs@
85 silly resolved [ { name: 'requirejs',
85 silly resolved     description: 'Node adapter for RequireJS, for loading AMD modules. Includes RequireJS optimizer',
85 silly resolved     version: '2.1.2',
85 silly resolved     homepage: 'http://github.com/jrburke/r.js',
85 silly resolved     author:
85 silly resolved      { name: 'James Burke',
85 silly resolved        email: 'jrburke@gmail.com',
85 silly resolved        url: 'http://github.com/jrburke' },
85 silly resolved     licenses: [ [Object], [Object] ],
85 silly resolved     main: './bin/r.js',
85 silly resolved     bin: { 'r.js': './bin/r.js' },
85 silly resolved     engines: { node: '>=0.4.0' },
85 silly resolved     readme: '# requirejs\n\nRequireJS for use in Node. includes:\n\n* r.js: the RequireJS optimizer, and AMD runtime for use in Node.\n* require.js: The browser-based AMD loader.\n\nMore information at http://requirejs.org\n\n',
85 silly resolved     readmeFilename: 'README.md',
85 silly resolved     _id: 'requirejs@2.1.2',
85 silly resolved     dist: { shasum: '62e3dd8f9e274267b8641ce0a164bb8e7818b962' },
85 silly resolved     _from: 'requirejs' } ]
86 info install requirejs@2.1.2 into /usr/local/lib
87 info installOne requirejs@2.1.2
88 verbose from cache /Users/rcameron/.npm/requirejs/2.1.2/package/package.json
89 info /usr/local/lib/node_modules/requirejs unbuild
90 verbose read json /usr/local/lib/node_modules/requirejs/package.json
91 verbose tar unpack /Users/rcameron/.npm/requirejs/2.1.2/package.tgz
92 silly lockFile ce2a5f01-local-lib-node-modules-requirejs /usr/local/lib/node_modules/requirejs
93 verbose lock /usr/local/lib/node_modules/requirejs /Users/rcameron/.npm/ce2a5f01-local-lib-node-modules-requirejs.lock
94 silly gunzTarPerm modes [ '755', '644' ]
95 error Error: EACCES, mkdir '/usr/local/lib/node_modules/requirejs'
95 error  { [Error: EACCES, mkdir '/usr/local/lib/node_modules/requirejs']
95 error   errno: 3,
95 error   code: 'EACCES',
95 error   path: '/usr/local/lib/node_modules/requirejs',
95 error   fstream_type: 'Directory',
95 error   fstream_path: '/usr/local/lib/node_modules/requirejs',
95 error   fstream_class: 'DirWriter',
95 error   fstream_stack:
95 error    [ 'DirWriter._create (/usr/local/lib/node_modules/npm/node_modules/fstream/lib/dir-writer.js:36:23)',
95 error      '/usr/local/lib/node_modules/npm/node_modules/mkdirp/index.js:37:53',
95 error      'Object.oncomplete (fs.js:297:15)' ] }
96 error Please try running this command again as root/Administrator.
97 error System Darwin 12.2.1
98 error command "node" "/usr/local/bin/npm" "install" "-g" "requirejs"
99 error cwd /Volumes/rcameron-BoxCryptor/code/browserwars
100 error node -v v0.8.16
101 error npm -v 1.1.69
102 error path /usr/local/lib/node_modules/requirejs
103 error fstream_path /usr/local/lib/node_modules/requirejs
104 error fstream_type Directory
105 error fstream_class DirWriter
106 error code EACCES
107 error errno 3
108 error stack Error: EACCES, mkdir '/usr/local/lib/node_modules/requirejs'
109 error fstream_stack DirWriter._create (/usr/local/lib/node_modules/npm/node_modules/fstream/lib/dir-writer.js:36:23)
109 error fstream_stack /usr/local/lib/node_modules/npm/node_modules/mkdirp/index.js:37:53
109 error fstream_stack Object.oncomplete (fs.js:297:15)
110 verbose exit [ 3, true ]
